# JRE version: Java(TM) SE Runtime Environment (23.0+37) (build 23+37-2369)
# Java VM: Java HotSpot(TM) 64-Bit Server VM (23+37-2369, mixed mode, sharing, tiered, compressed oops, compressed class ptrs, g1 gc, windows-amd64)
GC Precious Log:
 CardTable entry size: 512
 Card Set container configuration: InlinePtr #cards 5 size 8 Array Of Cards #cards 10 size 36 Howl #buckets 4 coarsen threshold 1843 Howl Bitmap #cards 512 size 80 coarsen threshold 460 Card regions per heap region 1 cards per card region 2048
 CPUs: 8 total, 8 available
 Memory: 7488M
 Large Page Support: Disabled
 NUMA Support: Disabled
 Compressed Oops: Enabled (32-bit)
 Heap Region Size: 1M
 Heap Min Capacity: 8M
 Heap Initial Capacity: 118M
 Heap Max Capacity: 1874M
 Pre-touch: Disabled
 Parallel Workers: 8
 Concurrent Workers: 2
 Concurrent Refinement Workers: 8
 Periodic GC: Disabled
Heap:
 garbage-first heap   total reserved 1918976K, committed 343040K, used 211811K [0x000000008ae00000, 0x0000000100000000)
  region size 1024K, 8 young (8192K), 8 survivors (8192K)
 Metaspace       used 116917K, committed 118208K, reserved 1179648K
  class space    used 14075K, committed 14656K, reserved 1048576K
GC Heap History (20 events):
Event: 30.604 GC heap after
{Heap after GC invocations=32 (full 0):
 garbage-first heap   total reserved 1918976K, committed 243712K, used 93671K [0x000000008ae00000, 0x0000000100000000)
  region size 1024K, 6 young (6144K), 6 survivors (6144K)
 Metaspace       used 93948K, committed 95168K, reserved 1179648K
  class space    used 11254K, committed 11776K, reserved 1048576K
}
Event: 31.981 GC heap before
{Heap before GC invocations=32 (full 0):
 garbage-first heap   total reserved 1918976K, committed 243712K, used 173543K [0x000000008ae00000, 0x0000000100000000)
  region size 1024K, 85 young (87040K), 6 survivors (6144K)
 Metaspace       used 96542K, committed 97664K, reserved 1179648K
  class space    used 11540K, committed 12032K, reserved 1048576K
}
Event: 31.989 GC heap after
{Heap after GC invocations=33 (full 0):
 garbage-first heap   total reserved 1918976K, committed 243712K, used 96743K [0x000000008ae00000, 0x0000000100000000)
  region size 1024K, 10 young (10240K), 10 survivors (10240K)
 Metaspace       used 96542K, committed 97664K, reserved 1179648K
  class space    used 11540K, committed 12032K, reserved 1048576K
}
Event: 33.996 GC heap before
{Heap before GC invocations=34 (full 0):
 garbage-first heap   total reserved 1918976K, committed 243712K, used 197095K [0x000000008ae00000, 0x0000000100000000)
  region size 1024K, 105 young (107520K), 10 survivors (10240K)
 Metaspace       used 106002K, committed 107264K, reserved 1179648K
  class space    used 12585K, committed 13120K, reserved 1048576K
}
Event: 34.011 GC heap after
{Heap after GC invocations=35 (full 0):
 garbage-first heap   total reserved 1918976K, committed 243712K, used 102484K [0x000000008ae00000, 0x0000000100000000)
  region size 1024K, 11 young (11264K), 11 survivors (11264K)
 Metaspace       used 106002K, committed 107264K, reserved 1179648K
  class space    used 12585K, committed 13120K, reserved 1048576K
}
Event: 35.475 GC heap before
{Heap before GC invocations=35 (full 0):
 garbage-first heap   total reserved 1918976K, committed 243712K, used 201812K [0x000000008ae00000, 0x0000000100000000)
  region size 1024K, 106 young (108544K), 11 survivors (11264K)
 Metaspace       used 116364K, committed 117696K, reserved 1179648K
  class space    used 14019K, committed 14592K, reserved 1048576K
}
Event: 35.493 GC heap after
{Heap after GC invocations=36 (full 0):
 garbage-first heap   total reserved 1918976K, committed 243712K, used 111238K [0x000000008ae00000, 0x0000000100000000)
  region size 1024K, 14 young (14336K), 14 survivors (14336K)
 Metaspace       used 116364K, committed 117696K, reserved 1179648K
  class space    used 14019K, committed 14592K, reserved 1048576K
}
Event: 35.709 GC heap before
{Heap before GC invocations=36 (full 0):
 garbage-first heap   total reserved 1918976K, committed 243712K, used 145030K [0x000000008ae00000, 0x0000000100000000)
  region size 1024K, 49 young (50176K), 14 survivors (14336K)
 Metaspace       used 116844K, committed 118144K, reserved 1179648K
  class space    used 14068K, committed 14656K, reserved 1048576K
}
Event: 35.722 GC heap after
{Heap after GC invocations=37 (full 0):
 garbage-first heap   total reserved 1918976K, committed 243712K, used 116093K [0x000000008ae00000, 0x0000000100000000)
  region size 1024K, 5 young (5120K), 5 survivors (5120K)
 Metaspace       used 116844K, committed 118144K, reserved 1179648K
  class space    used 14068K, committed 14656K, reserved 1048576K
}
Event: 35.981 GC heap before
{Heap before GC invocations=38 (full 0):
 garbage-first heap   total reserved 1918976K, committed 331776K, used 308605K [0x000000008ae00000, 0x0000000100000000)
  region size 1024K, 95 young (97280K), 5 survivors (5120K)
 Metaspace       used 116854K, committed 118144K, reserved 1179648K
  class space    used 14069K, committed 14656K, reserved 1048576K
}
Event: 35.988 GC heap after
{Heap after GC invocations=39 (full 0):
 garbage-first heap   total reserved 1918976K, committed 331776K, used 138390K [0x000000008ae00000, 0x0000000100000000)
  region size 1024K, 9 young (9216K), 9 survivors (9216K)
 Metaspace       used 116854K, committed 118144K, reserved 1179648K
  class space    used 14069K, committed 14656K, reserved 1048576K
}
Event: 36.172 GC heap before
{Heap before GC invocations=39 (full 0):
 garbage-first heap   total reserved 1918976K, committed 331776K, used 282774K [0x000000008ae00000, 0x0000000100000000)
  region size 1024K, 150 young (153600K), 9 survivors (9216K)
 Metaspace       used 116857K, committed 118144K, reserved 1179648K
  class space    used 14069K, committed 14656K, reserved 1048576K
}
Event: 36.187 GC heap after
{Heap after GC invocations=40 (full 0):
 garbage-first heap   total reserved 1918976K, committed 331776K, used 146521K [0x000000008ae00000, 0x0000000100000000)
  region size 1024K, 18 young (18432K), 18 survivors (18432K)
 Metaspace       used 116857K, committed 118144K, reserved 1179648K
  class space    used 14069K, committed 14656K, reserved 1048576K
}
Event: 36.313 GC heap before
{Heap before GC invocations=40 (full 0):
 garbage-first heap   total reserved 1918976K, committed 331776K, used 272473K [0x000000008ae00000, 0x0000000100000000)
  region size 1024K, 141 young (144384K), 18 survivors (18432K)
 Metaspace       used 116857K, committed 118144K, reserved 1179648K
  class space    used 14069K, committed 14656K, reserved 1048576K
}
Event: 36.331 GC heap after
{Heap after GC invocations=41 (full 0):
 garbage-first heap   total reserved 1918976K, committed 331776K, used 156184K [0x000000008ae00000, 0x0000000100000000)
  region size 1024K, 11 young (11264K), 11 survivors (11264K)
 Metaspace       used 116857K, committed 118144K, reserved 1179648K
  class space    used 14069K, committed 14656K, reserved 1048576K
}
Event: 36.711 GC heap before
{Heap before GC invocations=42 (full 0):
 garbage-first heap   total reserved 1918976K, committed 331776K, used 286232K [0x000000008ae00000, 0x0000000100000000)
  region size 1024K, 135 young (138240K), 11 survivors (11264K)
 Metaspace       used 116876K, committed 118144K, reserved 1179648K
  class space    used 14075K, committed 14656K, reserved 1048576K
}
Event: 36.762 GC heap after
{Heap after GC invocations=43 (full 0):
 garbage-first heap   total reserved 1918976K, committed 343040K, used 204288K [0x000000008ae00000, 0x0000000100000000)
  region size 1024K, 17 young (17408K), 17 survivors (17408K)
 Metaspace       used 116876K, committed 118144K, reserved 1179648K
  class space    used 14075K, committed 14656K, reserved 1048576K
}
Event: 36.895 GC heap before
{Heap before GC invocations=43 (full 0):
 garbage-first heap   total reserved 1918976K, committed 343040K, used 295424K [0x000000008ae00000, 0x0000000100000000)
  region size 1024K, 93 young (95232K), 17 survivors (17408K)
 Metaspace       used 116909K, committed 118208K, reserved 1179648K
  class space    used 14075K, committed 14656K, reserved 1048576K
}
Event: 36.917 GC heap after
{Heap after GC invocations=44 (full 0):
 garbage-first heap   total reserved 1918976K, committed 343040K, used 213892K [0x000000008ae00000, 0x0000000100000000)
  region size 1024K, 7 young (7168K), 7 survivors (7168K)
 Metaspace       used 116909K, committed 118208K, reserved 1179648K
  class space    used 14075K, committed 14656K, reserved 1048576K
}
Event: 36.963 GC heap before
{Heap before GC invocations=44 (full 0):
 garbage-first heap   total reserved 1918976K, committed 343040K, used 243588K [0x000000008ae00000, 0x0000000100000000)
  region size 1024K, 37 young (37888K), 7 survivors (7168K)
 Metaspace       used 116917K, committed 118208K, reserved 1179648K
  class space    used 14075K, committed 14656K, reserved 1048576K
}

