# JRE version: Java(TM) SE Runtime Environment (23.0+37) (build 23+37-2369)
# Java VM: Java HotSpot(TM) 64-Bit Server VM (23+37-2369, mixed mode, sharing, tiered, compressed oops, compressed class ptrs, g1 gc, windows-amd64)
GC Precious Log:
 CardTable entry size: 512
 Card Set container configuration: InlinePtr #cards 5 size 8 Array Of Cards #cards 10 size 36 Howl #buckets 4 coarsen threshold 1843 Howl Bitmap #cards 512 size 80 coarsen threshold 460 Card regions per heap region 1 cards per card region 2048
 CPUs: 8 total, 8 available
 Memory: 7488M
 Large Page Support: Disabled
 NUMA Support: Disabled
 Compressed Oops: Enabled (32-bit)
 Heap Region Size: 1M
 Heap Min Capacity: 8M
 Heap Initial Capacity: 118M
 Heap Max Capacity: 1874M
 Pre-touch: Disabled
 Parallel Workers: 8
 Concurrent Workers: 2
 Concurrent Refinement Workers: 8
 Periodic GC: Disabled
Heap:
 garbage-first heap   total reserved 1918976K, committed 303104K, used 210277K [0x000000008ae00000, 0x0000000100000000)
  region size 1024K, 7 young (7168K), 7 survivors (7168K)
 Metaspace       used 115167K, committed 116608K, reserved 1179648K
  class space    used 13933K, committed 14592K, reserved 1048576K
GC Heap History (20 events):
Event: 33.416 GC heap after
{Heap after GC invocations=37 (full 0):
 garbage-first heap   total reserved 1918976K, committed 162816K, used 97831K [0x000000008ae00000, 0x0000000100000000)
  region size 1024K, 5 young (5120K), 5 survivors (5120K)
 Metaspace       used 110797K, committed 112256K, reserved 1179648K
  class space    used 13365K, committed 14016K, reserved 1048576K
}
Event: 34.402 GC heap before
{Heap before GC invocations=37 (full 0):
 garbage-first heap   total reserved 1918976K, committed 162816K, used 130599K [0x000000008ae00000, 0x0000000100000000)
  region size 1024K, 38 young (38912K), 5 survivors (5120K)
 Metaspace       used 114150K, committed 115584K, reserved 1179648K
  class space    used 13808K, committed 14464K, reserved 1048576K
}
Event: 34.413 GC heap after
{Heap after GC invocations=38 (full 0):
 garbage-first heap   total reserved 1918976K, committed 162816K, used 106041K [0x000000008ae00000, 0x0000000100000000)
  region size 1024K, 7 young (7168K), 7 survivors (7168K)
 Metaspace       used 114150K, committed 115584K, reserved 1179648K
  class space    used 13808K, committed 14464K, reserved 1048576K
}
Event: 34.773 GC heap before
{Heap before GC invocations=39 (full 0):
 garbage-first heap   total reserved 1918976K, committed 179200K, used 144953K [0x000000008ae00000, 0x0000000100000000)
  region size 1024K, 44 young (45056K), 7 survivors (7168K)
 Metaspace       used 115037K, committed 116480K, reserved 1179648K
  class space    used 13927K, committed 14592K, reserved 1048576K
}
Event: 34.781 GC heap after
{Heap after GC invocations=40 (full 0):
 garbage-first heap   total reserved 1918976K, committed 179200K, used 109752K [0x000000008ae00000, 0x0000000100000000)
  region size 1024K, 4 young (4096K), 4 survivors (4096K)
 Metaspace       used 115037K, committed 116480K, reserved 1179648K
  class space    used 13927K, committed 14592K, reserved 1048576K
}
Event: 34.975 GC heap before
{Heap before GC invocations=40 (full 0):
 garbage-first heap   total reserved 1918976K, committed 231424K, used 230584K [0x000000008ae00000, 0x0000000100000000)
  region size 1024K, 24 young (24576K), 4 survivors (4096K)
 Metaspace       used 115059K, committed 116480K, reserved 1179648K
  class space    used 13928K, committed 14592K, reserved 1048576K
}
Event: 34.985 GC heap after
{Heap after GC invocations=41 (full 0):
 garbage-first heap   total reserved 1918976K, committed 237568K, used 126925K [0x000000008ae00000, 0x0000000100000000)
  region size 1024K, 4 young (4096K), 4 survivors (4096K)
 Metaspace       used 115059K, committed 116480K, reserved 1179648K
  class space    used 13928K, committed 14592K, reserved 1048576K
}
Event: 35.131 GC heap before
{Heap before GC invocations=41 (full 0):
 garbage-first heap   total reserved 1918976K, committed 237568K, used 203725K [0x000000008ae00000, 0x0000000100000000)
  region size 1024K, 79 young (80896K), 4 survivors (4096K)
 Metaspace       used 115062K, committed 116480K, reserved 1179648K
  class space    used 13928K, committed 14592K, reserved 1048576K
}
Event: 35.139 GC heap after
{Heap after GC invocations=42 (full 0):
 garbage-first heap   total reserved 1918976K, committed 237568K, used 131532K [0x000000008ae00000, 0x0000000100000000)
  region size 1024K, 8 young (8192K), 8 survivors (8192K)
 Metaspace       used 115062K, committed 116480K, reserved 1179648K
  class space    used 13928K, committed 14592K, reserved 1048576K
}
Event: 35.291 GC heap before
{Heap before GC invocations=42 (full 0):
 garbage-first heap   total reserved 1918976K, committed 237568K, used 204236K [0x000000008ae00000, 0x0000000100000000)
  region size 1024K, 79 young (80896K), 8 survivors (8192K)
 Metaspace       used 115064K, committed 116480K, reserved 1179648K
  class space    used 13928K, committed 14592K, reserved 1048576K
}
Event: 35.303 GC heap after
{Heap after GC invocations=43 (full 0):
 garbage-first heap   total reserved 1918976K, committed 296960K, used 136769K [0x000000008ae00000, 0x0000000100000000)
  region size 1024K, 6 young (6144K), 6 survivors (6144K)
 Metaspace       used 115064K, committed 116480K, reserved 1179648K
  class space    used 13928K, committed 14592K, reserved 1048576K
}
Event: 35.559 GC heap before
{Heap before GC invocations=43 (full 0):
 garbage-first heap   total reserved 1918976K, committed 296960K, used 243265K [0x000000008ae00000, 0x0000000100000000)
  region size 1024K, 110 young (112640K), 6 survivors (6144K)
 Metaspace       used 115064K, committed 116480K, reserved 1179648K
  class space    used 13928K, committed 14592K, reserved 1048576K
}
Event: 35.570 GC heap after
{Heap after GC invocations=44 (full 0):
 garbage-first heap   total reserved 1918976K, committed 296960K, used 144753K [0x000000008ae00000, 0x0000000100000000)
  region size 1024K, 13 young (13312K), 13 survivors (13312K)
 Metaspace       used 115064K, committed 116480K, reserved 1179648K
  class space    used 13928K, committed 14592K, reserved 1048576K
}
Event: 35.756 GC heap before
{Heap before GC invocations=44 (full 0):
 garbage-first heap   total reserved 1918976K, committed 296960K, used 244081K [0x000000008ae00000, 0x0000000100000000)
  region size 1024K, 110 young (112640K), 13 survivors (13312K)
 Metaspace       used 115064K, committed 116480K, reserved 1179648K
  class space    used 13928K, committed 14592K, reserved 1048576K
}
Event: 35.770 GC heap after
{Heap after GC invocations=45 (full 0):
 garbage-first heap   total reserved 1918976K, committed 296960K, used 152921K [0x000000008ae00000, 0x0000000100000000)
  region size 1024K, 9 young (9216K), 9 survivors (9216K)
 Metaspace       used 115064K, committed 116480K, reserved 1179648K
  class space    used 13928K, committed 14592K, reserved 1048576K
}
Event: 36.272 GC heap before
{Heap before GC invocations=46 (full 0):
 garbage-first heap   total reserved 1918976K, committed 296960K, used 257369K [0x000000008ae00000, 0x0000000100000000)
  region size 1024K, 108 young (110592K), 9 survivors (9216K)
 Metaspace       used 115067K, committed 116480K, reserved 1179648K
  class space    used 13928K, committed 14592K, reserved 1048576K
}
Event: 36.316 GC heap after
{Heap after GC invocations=47 (full 0):
 garbage-first heap   total reserved 1918976K, committed 303104K, used 192512K [0x000000008ae00000, 0x0000000100000000)
  region size 1024K, 14 young (14336K), 14 survivors (14336K)
 Metaspace       used 115067K, committed 116480K, reserved 1179648K
  class space    used 13928K, committed 14592K, reserved 1048576K
}
Event: 36.605 GC heap before
{Heap before GC invocations=47 (full 0):
 garbage-first heap   total reserved 1918976K, committed 303104K, used 268288K [0x000000008ae00000, 0x0000000100000000)
  region size 1024K, 75 young (76800K), 14 survivors (14336K)
 Metaspace       used 115167K, committed 116608K, reserved 1179648K
  class space    used 13933K, committed 14592K, reserved 1048576K
}
Event: 36.634 GC heap after
{Heap after GC invocations=48 (full 0):
 garbage-first heap   total reserved 1918976K, committed 303104K, used 206205K [0x000000008ae00000, 0x0000000100000000)
  region size 1024K, 10 young (10240K), 10 survivors (10240K)
 Metaspace       used 115167K, committed 116608K, reserved 1179648K
  class space    used 13933K, committed 14592K, reserved 1048576K
}
Event: 36.702 GC heap before
{Heap before GC invocations=48 (full 0):
 garbage-first heap   total reserved 1918976K, committed 303104K, used 263549K [0x000000008ae00000, 0x0000000100000000)
  region size 1024K, 66 young (67584K), 10 survivors (10240K)
 Metaspace       used 115167K, committed 116608K, reserved 1179648K
  class space    used 13933K, committed 14592K, reserved 1048576K
}

