# JRE version: Java(TM) SE Runtime Environment (23.0+37) (build 23+37-2369)
# Java VM: Java HotSpot(TM) 64-Bit Server VM (23+37-2369, mixed mode, sharing, tiered, compressed oops, compressed class ptrs, g1 gc, windows-amd64)
GC Precious Log:
 CardTable entry size: 512
 Card Set container configuration: InlinePtr #cards 5 size 8 Array Of Cards #cards 10 size 36 Howl #buckets 4 coarsen threshold 1843 Howl Bitmap #cards 512 size 80 coarsen threshold 460 Card regions per heap region 1 cards per card region 2048
 CPUs: 8 total, 8 available
 Memory: 7488M
 Large Page Support: Disabled
 NUMA Support: Disabled
 Compressed Oops: Enabled (32-bit)
 Heap Region Size: 1M
 Heap Min Capacity: 8M
 Heap Initial Capacity: 118M
 Heap Max Capacity: 1874M
 Pre-touch: Disabled
 Parallel Workers: 8
 Concurrent Workers: 2
 Concurrent Refinement Workers: 8
 Periodic GC: Disabled
Heap:
 garbage-first heap   total reserved 1918976K, committed 320512K, used 194253K [0x000000008ae00000, 0x0000000100000000)
  region size 1024K, 2 young (2048K), 2 survivors (2048K)
 Metaspace       used 117218K, committed 118592K, reserved 1179648K
  class space    used 14224K, committed 14848K, reserved 1048576K
GC Heap History (20 events):
Event: 40.136 GC heap after
{Heap after GC invocations=48 (full 0):
 garbage-first heap   total reserved 1918976K, committed 186368K, used 113046K [0x000000008ae00000, 0x0000000100000000)
  region size 1024K, 4 young (4096K), 4 survivors (4096K)
 Metaspace       used 117070K, committed 118464K, reserved 1179648K
  class space    used 14217K, committed 14848K, reserved 1048576K
}
Event: 40.393 GC heap before
{Heap before GC invocations=48 (full 0):
 garbage-first heap   total reserved 1918976K, committed 238592K, used 236950K [0x000000008ae00000, 0x0000000100000000)
  region size 1024K, 28 young (28672K), 4 survivors (4096K)
 Metaspace       used 117104K, committed 118528K, reserved 1179648K
  class space    used 14219K, committed 14848K, reserved 1048576K
}
Event: 40.400 GC heap after
{Heap after GC invocations=49 (full 0):
 garbage-first heap   total reserved 1918976K, committed 244736K, used 130248K [0x000000008ae00000, 0x0000000100000000)
  region size 1024K, 4 young (4096K), 4 survivors (4096K)
 Metaspace       used 117104K, committed 118528K, reserved 1179648K
  class space    used 14219K, committed 14848K, reserved 1048576K
}
Event: 40.551 GC heap before
{Heap before GC invocations=49 (full 0):
 garbage-first heap   total reserved 1918976K, committed 244736K, used 202952K [0x000000008ae00000, 0x0000000100000000)
  region size 1024K, 75 young (76800K), 4 survivors (4096K)
 Metaspace       used 117107K, committed 118528K, reserved 1179648K
  class space    used 14219K, committed 14848K, reserved 1048576K
}
Event: 40.559 GC heap after
{Heap after GC invocations=50 (full 0):
 garbage-first heap   total reserved 1918976K, committed 244736K, used 134875K [0x000000008ae00000, 0x0000000100000000)
  region size 1024K, 8 young (8192K), 8 survivors (8192K)
 Metaspace       used 117107K, committed 118528K, reserved 1179648K
  class space    used 14219K, committed 14848K, reserved 1048576K
}
Event: 40.695 GC heap before
{Heap before GC invocations=50 (full 0):
 garbage-first heap   total reserved 1918976K, committed 244736K, used 203483K [0x000000008ae00000, 0x0000000100000000)
  region size 1024K, 75 young (76800K), 8 survivors (8192K)
 Metaspace       used 117109K, committed 118528K, reserved 1179648K
  class space    used 14219K, committed 14848K, reserved 1048576K
}
Event: 40.706 GC heap after
{Heap after GC invocations=51 (full 0):
 garbage-first heap   total reserved 1918976K, committed 244736K, used 139779K [0x000000008ae00000, 0x0000000100000000)
  region size 1024K, 10 young (10240K), 10 survivors (10240K)
 Metaspace       used 117109K, committed 118528K, reserved 1179648K
  class space    used 14219K, committed 14848K, reserved 1048576K
}
Event: 40.834 GC heap before
{Heap before GC invocations=51 (full 0):
 garbage-first heap   total reserved 1918976K, committed 244736K, used 210435K [0x000000008ae00000, 0x0000000100000000)
  region size 1024K, 79 young (80896K), 10 survivors (10240K)
 Metaspace       used 117109K, committed 118528K, reserved 1179648K
  class space    used 14219K, committed 14848K, reserved 1048576K
}
Event: 40.846 GC heap after
{Heap after GC invocations=52 (full 0):
 garbage-first heap   total reserved 1918976K, committed 320512K, used 145142K [0x000000008ae00000, 0x0000000100000000)
  region size 1024K, 10 young (10240K), 10 survivors (10240K)
 Metaspace       used 117109K, committed 118528K, reserved 1179648K
  class space    used 14219K, committed 14848K, reserved 1048576K
}
Event: 41.159 GC heap before
{Heap before GC invocations=53 (full 0):
 garbage-first heap   total reserved 1918976K, committed 320512K, used 263926K [0x000000008ae00000, 0x0000000100000000)
  region size 1024K, 126 young (129024K), 10 survivors (10240K)
 Metaspace       used 117109K, committed 118528K, reserved 1179648K
  class space    used 14219K, committed 14848K, reserved 1048576K
}
Event: 41.173 GC heap after
{Heap after GC invocations=54 (full 0):
 garbage-first heap   total reserved 1918976K, committed 320512K, used 154706K [0x000000008ae00000, 0x0000000100000000)
  region size 1024K, 15 young (15360K), 15 survivors (15360K)
 Metaspace       used 117109K, committed 118528K, reserved 1179648K
  class space    used 14219K, committed 14848K, reserved 1048576K
}
Event: 41.411 GC heap before
{Heap before GC invocations=54 (full 0):
 garbage-first heap   total reserved 1918976K, committed 320512K, used 260178K [0x000000008ae00000, 0x0000000100000000)
  region size 1024K, 116 young (118784K), 15 survivors (15360K)
 Metaspace       used 117113K, committed 118528K, reserved 1179648K
  class space    used 14219K, committed 14848K, reserved 1048576K
}
Event: 41.444 GC heap after
{Heap after GC invocations=55 (full 0):
 garbage-first heap   total reserved 1918976K, committed 320512K, used 155925K [0x000000008ae00000, 0x0000000100000000)
  region size 1024K, 15 young (15360K), 15 survivors (15360K)
 Metaspace       used 117113K, committed 118528K, reserved 1179648K
  class space    used 14219K, committed 14848K, reserved 1048576K
}
Event: 41.479 GC heap before
{Heap before GC invocations=55 (full 0):
 garbage-first heap   total reserved 1918976K, committed 320512K, used 172309K [0x000000008ae00000, 0x0000000100000000)
  region size 1024K, 32 young (32768K), 15 survivors (15360K)
 Metaspace       used 117113K, committed 118528K, reserved 1179648K
  class space    used 14219K, committed 14848K, reserved 1048576K
}
Event: 41.511 GC heap after
{Heap after GC invocations=56 (full 0):
 garbage-first heap   total reserved 1918976K, committed 320512K, used 170910K [0x000000008ae00000, 0x0000000100000000)
  region size 1024K, 14 young (14336K), 14 survivors (14336K)
 Metaspace       used 117113K, committed 118528K, reserved 1179648K
  class space    used 14219K, committed 14848K, reserved 1048576K
}
Event: 41.816 GC heap before
{Heap before GC invocations=57 (full 0):
 garbage-first heap   total reserved 1918976K, committed 320512K, used 277406K [0x000000008ae00000, 0x0000000100000000)
  region size 1024K, 105 young (107520K), 14 survivors (14336K)
 Metaspace       used 117215K, committed 118592K, reserved 1179648K
  class space    used 14224K, committed 14848K, reserved 1048576K
}
Event: 41.838 GC heap after
{Heap after GC invocations=58 (full 0):
 garbage-first heap   total reserved 1918976K, committed 320512K, used 189178K [0x000000008ae00000, 0x0000000100000000)
  region size 1024K, 14 young (14336K), 14 survivors (14336K)
 Metaspace       used 117215K, committed 118592K, reserved 1179648K
  class space    used 14224K, committed 14848K, reserved 1048576K
}
Event: 41.981 GC heap before
{Heap before GC invocations=58 (full 0):
 garbage-first heap   total reserved 1918976K, committed 320512K, used 288506K [0x000000008ae00000, 0x0000000100000000)
  region size 1024K, 97 young (99328K), 14 survivors (14336K)
 Metaspace       used 117218K, committed 118592K, reserved 1179648K
  class space    used 14224K, committed 14848K, reserved 1048576K
}
Event: 41.998 GC heap after
{Heap after GC invocations=59 (full 0):
 garbage-first heap   total reserved 1918976K, committed 320512K, used 193808K [0x000000008ae00000, 0x0000000100000000)
  region size 1024K, 8 young (8192K), 8 survivors (8192K)
 Metaspace       used 117218K, committed 118592K, reserved 1179648K
  class space    used 14224K, committed 14848K, reserved 1048576K
}
Event: 42.017 GC heap before
{Heap before GC invocations=59 (full 0):
 garbage-first heap   total reserved 1918976K, committed 320512K, used 206096K [0x000000008ae00000, 0x0000000100000000)
  region size 1024K, 21 young (21504K), 8 survivors (8192K)
 Metaspace       used 117218K, committed 118592K, reserved 1179648K
  class space    used 14224K, committed 14848K, reserved 1048576K
}

