# JRE version: Java(TM) SE Runtime Environment (23.0+37) (build 23+37-2369)
# Java VM: Java HotSpot(TM) 64-Bit Server VM (23+37-2369, mixed mode, sharing, tiered, compressed oops, compressed class ptrs, g1 gc, windows-amd64)
GC Precious Log:
 CardTable entry size: 512
 Card Set container configuration: InlinePtr #cards 5 size 8 Array Of Cards #cards 10 size 36 Howl #buckets 4 coarsen threshold 1843 Howl Bitmap #cards 512 size 80 coarsen threshold 460 Card regions per heap region 1 cards per card region 2048
 CPUs: 8 total, 8 available
 Memory: 7488M
 Large Page Support: Disabled
 NUMA Support: Disabled
 Compressed Oops: Enabled (32-bit)
 Heap Region Size: 1M
 Heap Min Capacity: 8M
 Heap Initial Capacity: 118M
 Heap Max Capacity: 1874M
 Pre-touch: Disabled
 Parallel Workers: 8
 Concurrent Workers: 2
 Concurrent Refinement Workers: 8
 Periodic GC: Disabled
Heap:
 garbage-first heap   total reserved 1918976K, committed 318464K, used 203221K [0x000000008ae00000, 0x0000000100000000)
  region size 1024K, 5 young (5120K), 5 survivors (5120K)
 Metaspace       used 135396K, committed 136960K, reserved 1179648K
  class space    used 16295K, committed 17024K, reserved 1048576K
GC Heap History (20 events):
Event: 49.911 GC heap after
{Heap after GC invocations=39 (full 0):
 garbage-first heap   total reserved 1918976K, committed 189440K, used 121080K [0x000000008ae00000, 0x0000000100000000)
  region size 1024K, 7 young (7168K), 7 survivors (7168K)
 Metaspace       used 131797K, committed 133376K, reserved 1179648K
  class space    used 15878K, committed 16640K, reserved 1048576K
}
Event: 50.479 GC heap before
{Heap before GC invocations=39 (full 0):
 garbage-first heap   total reserved 1918976K, committed 189440K, used 170232K [0x000000008ae00000, 0x0000000100000000)
  region size 1024K, 54 young (55296K), 7 survivors (7168K)
 Metaspace       used 135249K, committed 136832K, reserved 1179648K
  class space    used 16284K, committed 17024K, reserved 1048576K
}
Event: 50.492 GC heap after
{Heap after GC invocations=40 (full 0):
 garbage-first heap   total reserved 1918976K, committed 189440K, used 123160K [0x000000008ae00000, 0x0000000100000000)
  region size 1024K, 4 young (4096K), 4 survivors (4096K)
 Metaspace       used 135249K, committed 136832K, reserved 1179648K
  class space    used 16284K, committed 17024K, reserved 1048576K
}
Event: 50.681 GC heap before
{Heap before GC invocations=40 (full 0):
 garbage-first heap   total reserved 1918976K, committed 189440K, used 138520K [0x000000008ae00000, 0x0000000100000000)
  region size 1024K, 20 young (20480K), 4 survivors (4096K)
 Metaspace       used 135325K, committed 136896K, reserved 1179648K
  class space    used 16289K, committed 17024K, reserved 1048576K
}
Event: 50.687 GC heap after
{Heap after GC invocations=41 (full 0):
 garbage-first heap   total reserved 1918976K, committed 189440K, used 124184K [0x000000008ae00000, 0x0000000100000000)
  region size 1024K, 5 young (5120K), 5 survivors (5120K)
 Metaspace       used 135325K, committed 136896K, reserved 1179648K
  class space    used 16289K, committed 17024K, reserved 1048576K
}
Event: 50.963 GC heap before
{Heap before GC invocations=42 (full 0):
 garbage-first heap   total reserved 1918976K, committed 260096K, used 259352K [0x000000008ae00000, 0x0000000100000000)
  region size 1024K, 39 young (39936K), 5 survivors (5120K)
 Metaspace       used 135338K, committed 136896K, reserved 1179648K
  class space    used 16290K, committed 17024K, reserved 1048576K
}
Event: 50.968 GC heap after
{Heap after GC invocations=43 (full 0):
 garbage-first heap   total reserved 1918976K, committed 265216K, used 143037K [0x000000008ae00000, 0x0000000100000000)
  region size 1024K, 3 young (3072K), 3 survivors (3072K)
 Metaspace       used 135338K, committed 136896K, reserved 1179648K
  class space    used 16290K, committed 17024K, reserved 1048576K
}
Event: 51.081 GC heap before
{Heap before GC invocations=43 (full 0):
 garbage-first heap   total reserved 1918976K, committed 265216K, used 228029K [0x000000008ae00000, 0x0000000100000000)
  region size 1024K, 86 young (88064K), 3 survivors (3072K)
 Metaspace       used 135338K, committed 136896K, reserved 1179648K
  class space    used 16290K, committed 17024K, reserved 1048576K
}
Event: 51.092 GC heap after
{Heap after GC invocations=44 (full 0):
 garbage-first heap   total reserved 1918976K, committed 318464K, used 147761K [0x000000008ae00000, 0x0000000100000000)
  region size 1024K, 9 young (9216K), 9 survivors (9216K)
 Metaspace       used 135338K, committed 136896K, reserved 1179648K
  class space    used 16290K, committed 17024K, reserved 1048576K
}
Event: 51.231 GC heap before
{Heap before GC invocations=44 (full 0):
 garbage-first heap   total reserved 1918976K, committed 318464K, used 251185K [0x000000008ae00000, 0x0000000100000000)
  region size 1024K, 110 young (112640K), 9 survivors (9216K)
 Metaspace       used 135341K, committed 136896K, reserved 1179648K
  class space    used 16290K, committed 17024K, reserved 1048576K
}
Event: 51.241 GC heap after
{Heap after GC invocations=45 (full 0):
 garbage-first heap   total reserved 1918976K, committed 318464K, used 155342K [0x000000008ae00000, 0x0000000100000000)
  region size 1024K, 14 young (14336K), 14 survivors (14336K)
 Metaspace       used 135341K, committed 136896K, reserved 1179648K
  class space    used 16290K, committed 17024K, reserved 1048576K
}
Event: 51.405 GC heap before
{Heap before GC invocations=46 (full 0):
 garbage-first heap   total reserved 1918976K, committed 318464K, used 259790K [0x000000008ae00000, 0x0000000100000000)
  region size 1024K, 116 young (118784K), 14 survivors (14336K)
 Metaspace       used 135341K, committed 136896K, reserved 1179648K
  class space    used 16290K, committed 17024K, reserved 1048576K
}
Event: 51.418 GC heap after
{Heap after GC invocations=47 (full 0):
 garbage-first heap   total reserved 1918976K, committed 318464K, used 163178K [0x000000008ae00000, 0x0000000100000000)
  region size 1024K, 15 young (15360K), 15 survivors (15360K)
 Metaspace       used 135341K, committed 136896K, reserved 1179648K
  class space    used 16290K, committed 17024K, reserved 1048576K
}
Event: 51.573 GC heap before
{Heap before GC invocations=47 (full 0):
 garbage-first heap   total reserved 1918976K, committed 318464K, used 270698K [0x000000008ae00000, 0x0000000100000000)
  region size 1024K, 119 young (121856K), 15 survivors (15360K)
 Metaspace       used 135341K, committed 136896K, reserved 1179648K
  class space    used 16290K, committed 17024K, reserved 1048576K
}
Event: 51.601 GC heap after
{Heap after GC invocations=48 (full 0):
 garbage-first heap   total reserved 1918976K, committed 318464K, used 179477K [0x000000008ae00000, 0x0000000100000000)
  region size 1024K, 15 young (15360K), 15 survivors (15360K)
 Metaspace       used 135341K, committed 136896K, reserved 1179648K
  class space    used 16290K, committed 17024K, reserved 1048576K
}
Event: 51.626 GC heap before
{Heap before GC invocations=48 (full 0):
 garbage-first heap   total reserved 1918976K, committed 318464K, used 183573K [0x000000008ae00000, 0x0000000100000000)
  region size 1024K, 20 young (20480K), 15 survivors (15360K)
 Metaspace       used 135341K, committed 136896K, reserved 1179648K
  class space    used 16290K, committed 17024K, reserved 1048576K
}
Event: 51.646 GC heap after
{Heap after GC invocations=49 (full 0):
 garbage-first heap   total reserved 1918976K, committed 318464K, used 184695K [0x000000008ae00000, 0x0000000100000000)
  region size 1024K, 4 young (4096K), 4 survivors (4096K)
 Metaspace       used 135341K, committed 136896K, reserved 1179648K
  class space    used 16290K, committed 17024K, reserved 1048576K
}
Event: 51.940 GC heap before
{Heap before GC invocations=50 (full 0):
 garbage-first heap   total reserved 1918976K, committed 318464K, used 233847K [0x000000008ae00000, 0x0000000100000000)
  region size 1024K, 69 young (70656K), 4 survivors (4096K)
 Metaspace       used 135395K, committed 136960K, reserved 1179648K
  class space    used 16295K, committed 17024K, reserved 1048576K
}
Event: 51.961 GC heap after
{Heap after GC invocations=51 (full 0):
 garbage-first heap   total reserved 1918976K, committed 318464K, used 195584K [0x000000008ae00000, 0x0000000100000000)
  region size 1024K, 9 young (9216K), 9 survivors (9216K)
 Metaspace       used 135395K, committed 136960K, reserved 1179648K
  class space    used 16295K, committed 17024K, reserved 1048576K
}
Event: 52.015 GC heap before
{Heap before GC invocations=51 (full 0):
 garbage-first heap   total reserved 1918976K, committed 318464K, used 266240K [0x000000008ae00000, 0x0000000100000000)
  region size 1024K, 65 young (66560K), 9 survivors (9216K)
 Metaspace       used 135396K, committed 136960K, reserved 1179648K
  class space    used 16295K, committed 17024K, reserved 1048576K
}

